{"gmailAppPasswordExists":false,"gmailUserExists":false,"level":"info","message":"Email Configuration Check:","service":"fleet-management","timestamp":"2025-05-24 19:55:19"}
{"level":"error","message":"Missing required email configuration","requiredVariables":["GMAIL_USER","GMAIL_APP_PASSWORD"],"service":"fleet-management","timestamp":"2025-05-24 19:55:19"}
{"code":"EAUTH","error":"Missing credentials for \"PLAIN\"","level":"error","message":"Email configuration error","service":"fleet-management","stack":"Error: Missing credentials for \"PLAIN\"\n    at SMTPConnection._formatError (D:\\Back\\node_modules\\nodemailer\\lib\\smtp-connection\\index.js:809:19)\n    at SMTPConnection.login (D:\\Back\\node_modules\\nodemailer\\lib\\smtp-connection\\index.js:454:38)\n    at D:\\Back\\node_modules\\nodemailer\\lib\\smtp-transport\\index.js:375:32\n    at SMTPConnection.<anonymous> (D:\\Back\\node_modules\\nodemailer\\lib\\smtp-connection\\index.js:215:17)\n    at Object.onceWrapper (node:events:633:28)\n    at SMTPConnection.emit (node:events:519:28)\n    at SMTPConnection._actionEHLO (D:\\Back\\node_modules\\nodemailer\\lib\\smtp-connection\\index.js:1371:14)\n    at SMTPConnection._processResponse (D:\\Back\\node_modules\\nodemailer\\lib\\smtp-connection\\index.js:993:20)\n    at SMTPConnection._onData (D:\\Back\\node_modules\\nodemailer\\lib\\smtp-connection\\index.js:774:14)\n    at SMTPConnection._onSocketData (D:\\Back\\node_modules\\nodemailer\\lib\\smtp-connection\\index.js:195:44)","timestamp":"2025-05-24 19:55:21"}
{"level":"error","message":"Please ensure:","service":"fleet-management","timestamp":"2025-05-24 19:55:21"}
{"level":"error","message":"1. Your .env file exists in the project root","service":"fleet-management","timestamp":"2025-05-24 19:55:21"}
{"level":"error","message":"2. GMAIL_USER and GMAIL_APP_PASSWORD are set correctly","service":"fleet-management","timestamp":"2025-05-24 19:55:21"}
{"level":"error","message":"3. You have enabled 2-Step Verification in your Google Account","service":"fleet-management","timestamp":"2025-05-24 19:55:21"}
{"level":"error","message":"4. You have generated an App Password for this application","service":"fleet-management","timestamp":"2025-05-24 19:55:21"}
{"gmailAppPasswordExists":false,"gmailUserExists":false,"level":"info","message":"Email Configuration Check:","service":"fleet-management","timestamp":"2025-05-24 19:55:41"}
{"level":"error","message":"Missing required email configuration","requiredVariables":["GMAIL_USER","GMAIL_APP_PASSWORD"],"service":"fleet-management","timestamp":"2025-05-24 19:55:41"}
{"code":"EAUTH","error":"Missing credentials for \"PLAIN\"","level":"error","message":"Email configuration error","service":"fleet-management","stack":"Error: Missing credentials for \"PLAIN\"\n    at SMTPConnection._formatError (D:\\Back\\node_modules\\nodemailer\\lib\\smtp-connection\\index.js:809:19)\n    at SMTPConnection.login (D:\\Back\\node_modules\\nodemailer\\lib\\smtp-connection\\index.js:454:38)\n    at D:\\Back\\node_modules\\nodemailer\\lib\\smtp-transport\\index.js:375:32\n    at SMTPConnection.<anonymous> (D:\\Back\\node_modules\\nodemailer\\lib\\smtp-connection\\index.js:215:17)\n    at Object.onceWrapper (node:events:633:28)\n    at SMTPConnection.emit (node:events:519:28)\n    at SMTPConnection._actionEHLO (D:\\Back\\node_modules\\nodemailer\\lib\\smtp-connection\\index.js:1371:14)\n    at SMTPConnection._processResponse (D:\\Back\\node_modules\\nodemailer\\lib\\smtp-connection\\index.js:993:20)\n    at SMTPConnection._onData (D:\\Back\\node_modules\\nodemailer\\lib\\smtp-connection\\index.js:774:14)\n    at SMTPConnection._onSocketData (D:\\Back\\node_modules\\nodemailer\\lib\\smtp-connection\\index.js:195:44)","timestamp":"2025-05-24 19:55:43"}
{"level":"error","message":"Please ensure:","service":"fleet-management","timestamp":"2025-05-24 19:55:43"}
{"level":"error","message":"1. Your .env file exists in the project root","service":"fleet-management","timestamp":"2025-05-24 19:55:43"}
{"level":"error","message":"2. GMAIL_USER and GMAIL_APP_PASSWORD are set correctly","service":"fleet-management","timestamp":"2025-05-24 19:55:43"}
{"level":"error","message":"3. You have enabled 2-Step Verification in your Google Account","service":"fleet-management","timestamp":"2025-05-24 19:55:43"}
{"level":"error","message":"4. You have generated an App Password for this application","service":"fleet-management","timestamp":"2025-05-24 19:55:43"}
{"gmailAppPasswordExists":false,"gmailUserExists":false,"level":"info","message":"Email Configuration Check:","service":"fleet-management","timestamp":"2025-05-24 19:57:01"}
{"level":"error","message":"Missing required email configuration","requiredVariables":["GMAIL_USER","GMAIL_APP_PASSWORD"],"service":"fleet-management","timestamp":"2025-05-24 19:57:01"}
{"code":"EAUTH","error":"Missing credentials for \"PLAIN\"","level":"error","message":"Email configuration error","service":"fleet-management","stack":"Error: Missing credentials for \"PLAIN\"\n    at SMTPConnection._formatError (D:\\Back\\node_modules\\nodemailer\\lib\\smtp-connection\\index.js:809:19)\n    at SMTPConnection.login (D:\\Back\\node_modules\\nodemailer\\lib\\smtp-connection\\index.js:454:38)\n    at D:\\Back\\node_modules\\nodemailer\\lib\\smtp-transport\\index.js:375:32\n    at SMTPConnection.<anonymous> (D:\\Back\\node_modules\\nodemailer\\lib\\smtp-connection\\index.js:215:17)\n    at Object.onceWrapper (node:events:633:28)\n    at SMTPConnection.emit (node:events:519:28)\n    at SMTPConnection._actionEHLO (D:\\Back\\node_modules\\nodemailer\\lib\\smtp-connection\\index.js:1371:14)\n    at SMTPConnection._processResponse (D:\\Back\\node_modules\\nodemailer\\lib\\smtp-connection\\index.js:993:20)\n    at SMTPConnection._onData (D:\\Back\\node_modules\\nodemailer\\lib\\smtp-connection\\index.js:774:14)\n    at SMTPConnection._onSocketData (D:\\Back\\node_modules\\nodemailer\\lib\\smtp-connection\\index.js:195:44)","timestamp":"2025-05-24 19:57:03"}
{"level":"error","message":"Please ensure:","service":"fleet-management","timestamp":"2025-05-24 19:57:03"}
{"level":"error","message":"1. Your .env file exists in the project root","service":"fleet-management","timestamp":"2025-05-24 19:57:03"}
{"level":"error","message":"2. GMAIL_USER and GMAIL_APP_PASSWORD are set correctly","service":"fleet-management","timestamp":"2025-05-24 19:57:03"}
{"level":"error","message":"3. You have enabled 2-Step Verification in your Google Account","service":"fleet-management","timestamp":"2025-05-24 19:57:03"}
{"level":"error","message":"4. You have generated an App Password for this application","service":"fleet-management","timestamp":"2025-05-24 19:57:03"}
{"gmailAppPasswordExists":false,"gmailUserExists":false,"level":"info","message":"Email Configuration Check:","service":"fleet-management","timestamp":"2025-05-24 19:57:33"}
{"level":"error","message":"Missing required email configuration","requiredVariables":["GMAIL_USER","GMAIL_APP_PASSWORD"],"service":"fleet-management","timestamp":"2025-05-24 19:57:33"}
{"gmailAppPasswordExists":false,"gmailUserExists":false,"level":"info","message":"Email Configuration Check:","service":"fleet-management","timestamp":"2025-05-24 19:57:36"}
{"level":"error","message":"Missing required email configuration","requiredVariables":["GMAIL_USER","GMAIL_APP_PASSWORD"],"service":"fleet-management","timestamp":"2025-05-24 19:57:36"}
{"code":"EAUTH","error":"Missing credentials for \"PLAIN\"","level":"error","message":"Email configuration error","service":"fleet-management","stack":"Error: Missing credentials for \"PLAIN\"\n    at SMTPConnection._formatError (D:\\Back\\node_modules\\nodemailer\\lib\\smtp-connection\\index.js:809:19)\n    at SMTPConnection.login (D:\\Back\\node_modules\\nodemailer\\lib\\smtp-connection\\index.js:454:38)\n    at D:\\Back\\node_modules\\nodemailer\\lib\\smtp-transport\\index.js:375:32\n    at SMTPConnection.<anonymous> (D:\\Back\\node_modules\\nodemailer\\lib\\smtp-connection\\index.js:215:17)\n    at Object.onceWrapper (node:events:633:28)\n    at SMTPConnection.emit (node:events:519:28)\n    at SMTPConnection._actionEHLO (D:\\Back\\node_modules\\nodemailer\\lib\\smtp-connection\\index.js:1371:14)\n    at SMTPConnection._processResponse (D:\\Back\\node_modules\\nodemailer\\lib\\smtp-connection\\index.js:993:20)\n    at SMTPConnection._onData (D:\\Back\\node_modules\\nodemailer\\lib\\smtp-connection\\index.js:774:14)\n    at SMTPConnection._onSocketData (D:\\Back\\node_modules\\nodemailer\\lib\\smtp-connection\\index.js:195:44)","timestamp":"2025-05-24 19:57:38"}
{"level":"error","message":"Please ensure:","service":"fleet-management","timestamp":"2025-05-24 19:57:38"}
{"level":"error","message":"1. Your .env file exists in the project root","service":"fleet-management","timestamp":"2025-05-24 19:57:38"}
{"level":"error","message":"2. GMAIL_USER and GMAIL_APP_PASSWORD are set correctly","service":"fleet-management","timestamp":"2025-05-24 19:57:38"}
{"level":"error","message":"3. You have enabled 2-Step Verification in your Google Account","service":"fleet-management","timestamp":"2025-05-24 19:57:38"}
{"level":"error","message":"4. You have generated an App Password for this application","service":"fleet-management","timestamp":"2025-05-24 19:57:38"}
{"gmailAppPasswordExists":false,"gmailUserExists":false,"level":"info","message":"Email Configuration Check:","service":"fleet-management","timestamp":"2025-05-24 19:58:14"}
{"level":"error","message":"Missing required email configuration","requiredVariables":["GMAIL_USER","GMAIL_APP_PASSWORD"],"service":"fleet-management","timestamp":"2025-05-24 19:58:15"}
{"code":"EAUTH","error":"Missing credentials for \"PLAIN\"","level":"error","message":"Email configuration error","service":"fleet-management","stack":"Error: Missing credentials for \"PLAIN\"\n    at SMTPConnection._formatError (D:\\Back\\node_modules\\nodemailer\\lib\\smtp-connection\\index.js:809:19)\n    at SMTPConnection.login (D:\\Back\\node_modules\\nodemailer\\lib\\smtp-connection\\index.js:454:38)\n    at D:\\Back\\node_modules\\nodemailer\\lib\\smtp-transport\\index.js:375:32\n    at SMTPConnection.<anonymous> (D:\\Back\\node_modules\\nodemailer\\lib\\smtp-connection\\index.js:215:17)\n    at Object.onceWrapper (node:events:633:28)\n    at SMTPConnection.emit (node:events:519:28)\n    at SMTPConnection._actionEHLO (D:\\Back\\node_modules\\nodemailer\\lib\\smtp-connection\\index.js:1371:14)\n    at SMTPConnection._processResponse (D:\\Back\\node_modules\\nodemailer\\lib\\smtp-connection\\index.js:993:20)\n    at SMTPConnection._onData (D:\\Back\\node_modules\\nodemailer\\lib\\smtp-connection\\index.js:774:14)\n    at SMTPConnection._onSocketData (D:\\Back\\node_modules\\nodemailer\\lib\\smtp-connection\\index.js:195:44)","timestamp":"2025-05-24 19:58:19"}
{"level":"error","message":"Please ensure:","service":"fleet-management","timestamp":"2025-05-24 19:58:19"}
{"level":"error","message":"1. Your .env file exists in the project root","service":"fleet-management","timestamp":"2025-05-24 19:58:19"}
{"level":"error","message":"2. GMAIL_USER and GMAIL_APP_PASSWORD are set correctly","service":"fleet-management","timestamp":"2025-05-24 19:58:19"}
{"level":"error","message":"3. You have enabled 2-Step Verification in your Google Account","service":"fleet-management","timestamp":"2025-05-24 19:58:19"}
{"level":"error","message":"4. You have generated an App Password for this application","service":"fleet-management","timestamp":"2025-05-24 19:58:19"}
{"gmailAppPasswordExists":false,"gmailUserExists":false,"level":"info","message":"Email Configuration Check:","service":"fleet-management","timestamp":"2025-05-24 19:58:37"}
{"level":"error","message":"Missing required email configuration","requiredVariables":["GMAIL_USER","GMAIL_APP_PASSWORD"],"service":"fleet-management","timestamp":"2025-05-24 19:58:37"}
{"code":"EAUTH","error":"Missing credentials for \"PLAIN\"","level":"error","message":"Email configuration error","service":"fleet-management","stack":"Error: Missing credentials for \"PLAIN\"\n    at SMTPConnection._formatError (D:\\Back\\node_modules\\nodemailer\\lib\\smtp-connection\\index.js:809:19)\n    at SMTPConnection.login (D:\\Back\\node_modules\\nodemailer\\lib\\smtp-connection\\index.js:454:38)\n    at D:\\Back\\node_modules\\nodemailer\\lib\\smtp-transport\\index.js:375:32\n    at SMTPConnection.<anonymous> (D:\\Back\\node_modules\\nodemailer\\lib\\smtp-connection\\index.js:215:17)\n    at Object.onceWrapper (node:events:633:28)\n    at SMTPConnection.emit (node:events:519:28)\n    at SMTPConnection._actionEHLO (D:\\Back\\node_modules\\nodemailer\\lib\\smtp-connection\\index.js:1371:14)\n    at SMTPConnection._processResponse (D:\\Back\\node_modules\\nodemailer\\lib\\smtp-connection\\index.js:993:20)\n    at SMTPConnection._onData (D:\\Back\\node_modules\\nodemailer\\lib\\smtp-connection\\index.js:774:14)\n    at SMTPConnection._onSocketData (D:\\Back\\node_modules\\nodemailer\\lib\\smtp-connection\\index.js:195:44)","timestamp":"2025-05-24 19:58:38"}
{"level":"error","message":"Please ensure:","service":"fleet-management","timestamp":"2025-05-24 19:58:38"}
{"level":"error","message":"1. Your .env file exists in the project root","service":"fleet-management","timestamp":"2025-05-24 19:58:38"}
{"level":"error","message":"2. GMAIL_USER and GMAIL_APP_PASSWORD are set correctly","service":"fleet-management","timestamp":"2025-05-24 19:58:38"}
{"level":"error","message":"3. You have enabled 2-Step Verification in your Google Account","service":"fleet-management","timestamp":"2025-05-24 19:58:38"}
{"level":"error","message":"4. You have generated an App Password for this application","service":"fleet-management","timestamp":"2025-05-24 19:58:38"}
{"gmailAppPasswordExists":false,"gmailUserExists":false,"level":"info","message":"Email Configuration Check:","service":"fleet-management","timestamp":"2025-05-24 19:58:58"}
{"level":"error","message":"Missing required email configuration","requiredVariables":["GMAIL_USER","GMAIL_APP_PASSWORD"],"service":"fleet-management","timestamp":"2025-05-24 19:58:58"}
{"code":"EAUTH","error":"Missing credentials for \"PLAIN\"","level":"error","message":"Email configuration error","service":"fleet-management","stack":"Error: Missing credentials for \"PLAIN\"\n    at SMTPConnection._formatError (D:\\Back\\node_modules\\nodemailer\\lib\\smtp-connection\\index.js:809:19)\n    at SMTPConnection.login (D:\\Back\\node_modules\\nodemailer\\lib\\smtp-connection\\index.js:454:38)\n    at D:\\Back\\node_modules\\nodemailer\\lib\\smtp-transport\\index.js:375:32\n    at SMTPConnection.<anonymous> (D:\\Back\\node_modules\\nodemailer\\lib\\smtp-connection\\index.js:215:17)\n    at Object.onceWrapper (node:events:633:28)\n    at SMTPConnection.emit (node:events:519:28)\n    at SMTPConnection._actionEHLO (D:\\Back\\node_modules\\nodemailer\\lib\\smtp-connection\\index.js:1371:14)\n    at SMTPConnection._processResponse (D:\\Back\\node_modules\\nodemailer\\lib\\smtp-connection\\index.js:993:20)\n    at SMTPConnection._onData (D:\\Back\\node_modules\\nodemailer\\lib\\smtp-connection\\index.js:774:14)\n    at SMTPConnection._onSocketData (D:\\Back\\node_modules\\nodemailer\\lib\\smtp-connection\\index.js:195:44)","timestamp":"2025-05-24 19:59:00"}
{"level":"error","message":"Please ensure:","service":"fleet-management","timestamp":"2025-05-24 19:59:00"}
{"level":"error","message":"1. Your .env file exists in the project root","service":"fleet-management","timestamp":"2025-05-24 19:59:00"}
{"level":"error","message":"2. GMAIL_USER and GMAIL_APP_PASSWORD are set correctly","service":"fleet-management","timestamp":"2025-05-24 19:59:00"}
{"level":"error","message":"3. You have enabled 2-Step Verification in your Google Account","service":"fleet-management","timestamp":"2025-05-24 19:59:00"}
{"level":"error","message":"4. You have generated an App Password for this application","service":"fleet-management","timestamp":"2025-05-24 19:59:00"}
{"gmailAppPasswordExists":false,"gmailUserExists":false,"level":"info","message":"Email Configuration Check:","service":"fleet-management","timestamp":"2025-05-24 19:59:17"}
{"level":"error","message":"Missing required email configuration","requiredVariables":["GMAIL_USER","GMAIL_APP_PASSWORD"],"service":"fleet-management","timestamp":"2025-05-24 19:59:17"}
{"code":"EAUTH","error":"Missing credentials for \"PLAIN\"","level":"error","message":"Email configuration error","service":"fleet-management","stack":"Error: Missing credentials for \"PLAIN\"\n    at SMTPConnection._formatError (D:\\Back\\node_modules\\nodemailer\\lib\\smtp-connection\\index.js:809:19)\n    at SMTPConnection.login (D:\\Back\\node_modules\\nodemailer\\lib\\smtp-connection\\index.js:454:38)\n    at D:\\Back\\node_modules\\nodemailer\\lib\\smtp-transport\\index.js:375:32\n    at SMTPConnection.<anonymous> (D:\\Back\\node_modules\\nodemailer\\lib\\smtp-connection\\index.js:215:17)\n    at Object.onceWrapper (node:events:633:28)\n    at SMTPConnection.emit (node:events:519:28)\n    at SMTPConnection._actionEHLO (D:\\Back\\node_modules\\nodemailer\\lib\\smtp-connection\\index.js:1371:14)\n    at SMTPConnection._processResponse (D:\\Back\\node_modules\\nodemailer\\lib\\smtp-connection\\index.js:993:20)\n    at SMTPConnection._onData (D:\\Back\\node_modules\\nodemailer\\lib\\smtp-connection\\index.js:774:14)\n    at SMTPConnection._onSocketData (D:\\Back\\node_modules\\nodemailer\\lib\\smtp-connection\\index.js:195:44)","timestamp":"2025-05-24 19:59:18"}
{"level":"error","message":"Please ensure:","service":"fleet-management","timestamp":"2025-05-24 19:59:18"}
{"level":"error","message":"1. Your .env file exists in the project root","service":"fleet-management","timestamp":"2025-05-24 19:59:19"}
{"level":"error","message":"2. GMAIL_USER and GMAIL_APP_PASSWORD are set correctly","service":"fleet-management","timestamp":"2025-05-24 19:59:19"}
{"level":"error","message":"3. You have enabled 2-Step Verification in your Google Account","service":"fleet-management","timestamp":"2025-05-24 19:59:19"}
{"level":"error","message":"4. You have generated an App Password for this application","service":"fleet-management","timestamp":"2025-05-24 19:59:19"}
{"gmailAppPasswordExists":false,"gmailUserExists":false,"level":"info","message":"Email Configuration Check:","service":"fleet-management","timestamp":"2025-05-24 20:12:06"}
{"level":"error","message":"Missing required email configuration","requiredVariables":["GMAIL_USER","GMAIL_APP_PASSWORD"],"service":"fleet-management","timestamp":"2025-05-24 20:12:06"}
{"code":"EAUTH","error":"Missing credentials for \"PLAIN\"","level":"error","message":"Email configuration error","service":"fleet-management","stack":"Error: Missing credentials for \"PLAIN\"\n    at SMTPConnection._formatError (D:\\Back\\node_modules\\nodemailer\\lib\\smtp-connection\\index.js:809:19)\n    at SMTPConnection.login (D:\\Back\\node_modules\\nodemailer\\lib\\smtp-connection\\index.js:454:38)\n    at D:\\Back\\node_modules\\nodemailer\\lib\\smtp-transport\\index.js:375:32\n    at SMTPConnection.<anonymous> (D:\\Back\\node_modules\\nodemailer\\lib\\smtp-connection\\index.js:215:17)\n    at Object.onceWrapper (node:events:633:28)\n    at SMTPConnection.emit (node:events:519:28)\n    at SMTPConnection._actionEHLO (D:\\Back\\node_modules\\nodemailer\\lib\\smtp-connection\\index.js:1371:14)\n    at SMTPConnection._processResponse (D:\\Back\\node_modules\\nodemailer\\lib\\smtp-connection\\index.js:993:20)\n    at SMTPConnection._onData (D:\\Back\\node_modules\\nodemailer\\lib\\smtp-connection\\index.js:774:14)\n    at SMTPConnection._onSocketData (D:\\Back\\node_modules\\nodemailer\\lib\\smtp-connection\\index.js:195:44)","timestamp":"2025-05-24 20:12:08"}
{"level":"error","message":"Please ensure:","service":"fleet-management","timestamp":"2025-05-24 20:12:08"}
{"level":"error","message":"1. Your .env file exists in the project root","service":"fleet-management","timestamp":"2025-05-24 20:12:08"}
{"level":"error","message":"2. GMAIL_USER and GMAIL_APP_PASSWORD are set correctly","service":"fleet-management","timestamp":"2025-05-24 20:12:08"}
{"level":"error","message":"3. You have enabled 2-Step Verification in your Google Account","service":"fleet-management","timestamp":"2025-05-24 20:12:08"}
{"level":"error","message":"4. You have generated an App Password for this application","service":"fleet-management","timestamp":"2025-05-24 20:12:08"}
{"gmailAppPasswordExists":false,"gmailUserExists":false,"level":"info","message":"Email Configuration Check:","service":"fleet-management","timestamp":"2025-05-24 20:12:09"}
{"level":"error","message":"Missing required email configuration","requiredVariables":["GMAIL_USER","GMAIL_APP_PASSWORD"],"service":"fleet-management","timestamp":"2025-05-24 20:12:09"}
{"code":"EAUTH","error":"Missing credentials for \"PLAIN\"","level":"error","message":"Email configuration error","service":"fleet-management","stack":"Error: Missing credentials for \"PLAIN\"\n    at SMTPConnection._formatError (D:\\Back\\node_modules\\nodemailer\\lib\\smtp-connection\\index.js:809:19)\n    at SMTPConnection.login (D:\\Back\\node_modules\\nodemailer\\lib\\smtp-connection\\index.js:454:38)\n    at D:\\Back\\node_modules\\nodemailer\\lib\\smtp-transport\\index.js:375:32\n    at SMTPConnection.<anonymous> (D:\\Back\\node_modules\\nodemailer\\lib\\smtp-connection\\index.js:215:17)\n    at Object.onceWrapper (node:events:633:28)\n    at SMTPConnection.emit (node:events:519:28)\n    at SMTPConnection._actionEHLO (D:\\Back\\node_modules\\nodemailer\\lib\\smtp-connection\\index.js:1371:14)\n    at SMTPConnection._processResponse (D:\\Back\\node_modules\\nodemailer\\lib\\smtp-connection\\index.js:993:20)\n    at SMTPConnection._onData (D:\\Back\\node_modules\\nodemailer\\lib\\smtp-connection\\index.js:774:14)\n    at SMTPConnection._onSocketData (D:\\Back\\node_modules\\nodemailer\\lib\\smtp-connection\\index.js:195:44)","timestamp":"2025-05-24 20:12:11"}
{"level":"error","message":"Please ensure:","service":"fleet-management","timestamp":"2025-05-24 20:12:11"}
{"level":"error","message":"1. Your .env file exists in the project root","service":"fleet-management","timestamp":"2025-05-24 20:12:11"}
{"level":"error","message":"2. GMAIL_USER and GMAIL_APP_PASSWORD are set correctly","service":"fleet-management","timestamp":"2025-05-24 20:12:11"}
{"level":"error","message":"3. You have enabled 2-Step Verification in your Google Account","service":"fleet-management","timestamp":"2025-05-24 20:12:11"}
{"level":"error","message":"4. You have generated an App Password for this application","service":"fleet-management","timestamp":"2025-05-24 20:12:11"}
{"gmailAppPasswordExists":false,"gmailUserExists":false,"level":"info","message":"Email Configuration Check:","service":"fleet-management","timestamp":"2025-05-24 20:12:20"}
{"level":"error","message":"Missing required email configuration","requiredVariables":["GMAIL_USER","GMAIL_APP_PASSWORD"],"service":"fleet-management","timestamp":"2025-05-24 20:12:20"}
{"code":"EAUTH","error":"Missing credentials for \"PLAIN\"","level":"error","message":"Email configuration error","service":"fleet-management","stack":"Error: Missing credentials for \"PLAIN\"\n    at SMTPConnection._formatError (D:\\Back\\node_modules\\nodemailer\\lib\\smtp-connection\\index.js:809:19)\n    at SMTPConnection.login (D:\\Back\\node_modules\\nodemailer\\lib\\smtp-connection\\index.js:454:38)\n    at D:\\Back\\node_modules\\nodemailer\\lib\\smtp-transport\\index.js:375:32\n    at SMTPConnection.<anonymous> (D:\\Back\\node_modules\\nodemailer\\lib\\smtp-connection\\index.js:215:17)\n    at Object.onceWrapper (node:events:633:28)\n    at SMTPConnection.emit (node:events:519:28)\n    at SMTPConnection._actionEHLO (D:\\Back\\node_modules\\nodemailer\\lib\\smtp-connection\\index.js:1371:14)\n    at SMTPConnection._processResponse (D:\\Back\\node_modules\\nodemailer\\lib\\smtp-connection\\index.js:993:20)\n    at SMTPConnection._onData (D:\\Back\\node_modules\\nodemailer\\lib\\smtp-connection\\index.js:774:14)\n    at SMTPConnection._onSocketData (D:\\Back\\node_modules\\nodemailer\\lib\\smtp-connection\\index.js:195:44)","timestamp":"2025-05-24 20:12:22"}
{"level":"error","message":"Please ensure:","service":"fleet-management","timestamp":"2025-05-24 20:12:22"}
{"level":"error","message":"1. Your .env file exists in the project root","service":"fleet-management","timestamp":"2025-05-24 20:12:22"}
{"level":"error","message":"2. GMAIL_USER and GMAIL_APP_PASSWORD are set correctly","service":"fleet-management","timestamp":"2025-05-24 20:12:22"}
{"level":"error","message":"3. You have enabled 2-Step Verification in your Google Account","service":"fleet-management","timestamp":"2025-05-24 20:12:22"}
{"level":"error","message":"4. You have generated an App Password for this application","service":"fleet-management","timestamp":"2025-05-24 20:12:22"}
{"gmailAppPasswordExists":false,"gmailUserExists":false,"level":"info","message":"Email Configuration Check:","service":"fleet-management","timestamp":"2025-05-24 20:12:23"}
{"level":"error","message":"Missing required email configuration","requiredVariables":["GMAIL_USER","GMAIL_APP_PASSWORD"],"service":"fleet-management","timestamp":"2025-05-24 20:12:23"}
{"code":"EAUTH","error":"Missing credentials for \"PLAIN\"","level":"error","message":"Email configuration error","service":"fleet-management","stack":"Error: Missing credentials for \"PLAIN\"\n    at SMTPConnection._formatError (D:\\Back\\node_modules\\nodemailer\\lib\\smtp-connection\\index.js:809:19)\n    at SMTPConnection.login (D:\\Back\\node_modules\\nodemailer\\lib\\smtp-connection\\index.js:454:38)\n    at D:\\Back\\node_modules\\nodemailer\\lib\\smtp-transport\\index.js:375:32\n    at SMTPConnection.<anonymous> (D:\\Back\\node_modules\\nodemailer\\lib\\smtp-connection\\index.js:215:17)\n    at Object.onceWrapper (node:events:633:28)\n    at SMTPConnection.emit (node:events:519:28)\n    at SMTPConnection._actionEHLO (D:\\Back\\node_modules\\nodemailer\\lib\\smtp-connection\\index.js:1371:14)\n    at SMTPConnection._processResponse (D:\\Back\\node_modules\\nodemailer\\lib\\smtp-connection\\index.js:993:20)\n    at SMTPConnection._onData (D:\\Back\\node_modules\\nodemailer\\lib\\smtp-connection\\index.js:774:14)\n    at SMTPConnection._onSocketData (D:\\Back\\node_modules\\nodemailer\\lib\\smtp-connection\\index.js:195:44)","timestamp":"2025-05-24 20:12:25"}
{"level":"error","message":"Please ensure:","service":"fleet-management","timestamp":"2025-05-24 20:12:25"}
{"level":"error","message":"1. Your .env file exists in the project root","service":"fleet-management","timestamp":"2025-05-24 20:12:25"}
{"level":"error","message":"2. GMAIL_USER and GMAIL_APP_PASSWORD are set correctly","service":"fleet-management","timestamp":"2025-05-24 20:12:25"}
{"level":"error","message":"3. You have enabled 2-Step Verification in your Google Account","service":"fleet-management","timestamp":"2025-05-24 20:12:25"}
{"level":"error","message":"4. You have generated an App Password for this application","service":"fleet-management","timestamp":"2025-05-24 20:12:25"}
{"gmailAppPasswordExists":false,"gmailUserExists":false,"level":"info","message":"Email Configuration Check:","service":"fleet-management","timestamp":"2025-05-24 20:12:35"}
{"level":"error","message":"Missing required email configuration","requiredVariables":["GMAIL_USER","GMAIL_APP_PASSWORD"],"service":"fleet-management","timestamp":"2025-05-24 20:12:35"}
{"code":"EAUTH","error":"Missing credentials for \"PLAIN\"","level":"error","message":"Email configuration error","service":"fleet-management","stack":"Error: Missing credentials for \"PLAIN\"\n    at SMTPConnection._formatError (D:\\Back\\node_modules\\nodemailer\\lib\\smtp-connection\\index.js:809:19)\n    at SMTPConnection.login (D:\\Back\\node_modules\\nodemailer\\lib\\smtp-connection\\index.js:454:38)\n    at D:\\Back\\node_modules\\nodemailer\\lib\\smtp-transport\\index.js:375:32\n    at SMTPConnection.<anonymous> (D:\\Back\\node_modules\\nodemailer\\lib\\smtp-connection\\index.js:215:17)\n    at Object.onceWrapper (node:events:633:28)\n    at SMTPConnection.emit (node:events:519:28)\n    at SMTPConnection._actionEHLO (D:\\Back\\node_modules\\nodemailer\\lib\\smtp-connection\\index.js:1371:14)\n    at SMTPConnection._processResponse (D:\\Back\\node_modules\\nodemailer\\lib\\smtp-connection\\index.js:993:20)\n    at SMTPConnection._onData (D:\\Back\\node_modules\\nodemailer\\lib\\smtp-connection\\index.js:774:14)\n    at SMTPConnection._onSocketData (D:\\Back\\node_modules\\nodemailer\\lib\\smtp-connection\\index.js:195:44)","timestamp":"2025-05-24 20:12:36"}
{"level":"error","message":"Please ensure:","service":"fleet-management","timestamp":"2025-05-24 20:12:36"}
{"level":"error","message":"1. Your .env file exists in the project root","service":"fleet-management","timestamp":"2025-05-24 20:12:36"}
{"level":"error","message":"2. GMAIL_USER and GMAIL_APP_PASSWORD are set correctly","service":"fleet-management","timestamp":"2025-05-24 20:12:36"}
{"level":"error","message":"3. You have enabled 2-Step Verification in your Google Account","service":"fleet-management","timestamp":"2025-05-24 20:12:36"}
{"level":"error","message":"4. You have generated an App Password for this application","service":"fleet-management","timestamp":"2025-05-24 20:12:36"}
{"gmailAppPasswordExists":false,"gmailUserExists":false,"level":"info","message":"Email Configuration Check:","service":"fleet-management","timestamp":"2025-05-24 20:12:38"}
{"level":"error","message":"Missing required email configuration","requiredVariables":["GMAIL_USER","GMAIL_APP_PASSWORD"],"service":"fleet-management","timestamp":"2025-05-24 20:12:38"}
{"code":"EAUTH","error":"Missing credentials for \"PLAIN\"","level":"error","message":"Email configuration error","service":"fleet-management","stack":"Error: Missing credentials for \"PLAIN\"\n    at SMTPConnection._formatError (D:\\Back\\node_modules\\nodemailer\\lib\\smtp-connection\\index.js:809:19)\n    at SMTPConnection.login (D:\\Back\\node_modules\\nodemailer\\lib\\smtp-connection\\index.js:454:38)\n    at D:\\Back\\node_modules\\nodemailer\\lib\\smtp-transport\\index.js:375:32\n    at SMTPConnection.<anonymous> (D:\\Back\\node_modules\\nodemailer\\lib\\smtp-connection\\index.js:215:17)\n    at Object.onceWrapper (node:events:633:28)\n    at SMTPConnection.emit (node:events:519:28)\n    at SMTPConnection._actionEHLO (D:\\Back\\node_modules\\nodemailer\\lib\\smtp-connection\\index.js:1371:14)\n    at SMTPConnection._processResponse (D:\\Back\\node_modules\\nodemailer\\lib\\smtp-connection\\index.js:993:20)\n    at SMTPConnection._onData (D:\\Back\\node_modules\\nodemailer\\lib\\smtp-connection\\index.js:774:14)\n    at SMTPConnection._onSocketData (D:\\Back\\node_modules\\nodemailer\\lib\\smtp-connection\\index.js:195:44)","timestamp":"2025-05-24 20:12:40"}
{"level":"error","message":"Please ensure:","service":"fleet-management","timestamp":"2025-05-24 20:12:40"}
{"level":"error","message":"1. Your .env file exists in the project root","service":"fleet-management","timestamp":"2025-05-24 20:12:40"}
{"level":"error","message":"2. GMAIL_USER and GMAIL_APP_PASSWORD are set correctly","service":"fleet-management","timestamp":"2025-05-24 20:12:40"}
{"level":"error","message":"3. You have enabled 2-Step Verification in your Google Account","service":"fleet-management","timestamp":"2025-05-24 20:12:40"}
{"level":"error","message":"4. You have generated an App Password for this application","service":"fleet-management","timestamp":"2025-05-24 20:12:40"}
{"gmailAppPasswordExists":false,"gmailUserExists":false,"level":"info","message":"Email Configuration Check:","service":"fleet-management","timestamp":"2025-05-24 20:12:52"}
{"level":"error","message":"Missing required email configuration","requiredVariables":["GMAIL_USER","GMAIL_APP_PASSWORD"],"service":"fleet-management","timestamp":"2025-05-24 20:12:52"}
{"code":"EAUTH","error":"Missing credentials for \"PLAIN\"","level":"error","message":"Email configuration error","service":"fleet-management","stack":"Error: Missing credentials for \"PLAIN\"\n    at SMTPConnection._formatError (D:\\Back\\node_modules\\nodemailer\\lib\\smtp-connection\\index.js:809:19)\n    at SMTPConnection.login (D:\\Back\\node_modules\\nodemailer\\lib\\smtp-connection\\index.js:454:38)\n    at D:\\Back\\node_modules\\nodemailer\\lib\\smtp-transport\\index.js:375:32\n    at SMTPConnection.<anonymous> (D:\\Back\\node_modules\\nodemailer\\lib\\smtp-connection\\index.js:215:17)\n    at Object.onceWrapper (node:events:633:28)\n    at SMTPConnection.emit (node:events:519:28)\n    at SMTPConnection._actionEHLO (D:\\Back\\node_modules\\nodemailer\\lib\\smtp-connection\\index.js:1371:14)\n    at SMTPConnection._processResponse (D:\\Back\\node_modules\\nodemailer\\lib\\smtp-connection\\index.js:993:20)\n    at SMTPConnection._onData (D:\\Back\\node_modules\\nodemailer\\lib\\smtp-connection\\index.js:774:14)\n    at SMTPConnection._onSocketData (D:\\Back\\node_modules\\nodemailer\\lib\\smtp-connection\\index.js:195:44)","timestamp":"2025-05-24 20:12:54"}
{"level":"error","message":"Please ensure:","service":"fleet-management","timestamp":"2025-05-24 20:12:54"}
{"level":"error","message":"1. Your .env file exists in the project root","service":"fleet-management","timestamp":"2025-05-24 20:12:54"}
{"level":"error","message":"2. GMAIL_USER and GMAIL_APP_PASSWORD are set correctly","service":"fleet-management","timestamp":"2025-05-24 20:12:54"}
{"level":"error","message":"3. You have enabled 2-Step Verification in your Google Account","service":"fleet-management","timestamp":"2025-05-24 20:12:54"}
{"level":"error","message":"4. You have generated an App Password for this application","service":"fleet-management","timestamp":"2025-05-24 20:12:54"}
{"gmailAppPasswordExists":false,"gmailUserExists":false,"level":"info","message":"Email Configuration Check:","service":"fleet-management","timestamp":"2025-05-24 20:18:26"}
{"level":"error","message":"Missing required email configuration","requiredVariables":["GMAIL_USER","GMAIL_APP_PASSWORD"],"service":"fleet-management","timestamp":"2025-05-24 20:18:26"}
{"code":"EAUTH","error":"Missing credentials for \"PLAIN\"","level":"error","message":"Email configuration error","service":"fleet-management","stack":"Error: Missing credentials for \"PLAIN\"\n    at SMTPConnection._formatError (D:\\Back\\node_modules\\nodemailer\\lib\\smtp-connection\\index.js:809:19)\n    at SMTPConnection.login (D:\\Back\\node_modules\\nodemailer\\lib\\smtp-connection\\index.js:454:38)\n    at D:\\Back\\node_modules\\nodemailer\\lib\\smtp-transport\\index.js:375:32\n    at SMTPConnection.<anonymous> (D:\\Back\\node_modules\\nodemailer\\lib\\smtp-connection\\index.js:215:17)\n    at Object.onceWrapper (node:events:633:28)\n    at SMTPConnection.emit (node:events:519:28)\n    at SMTPConnection._actionEHLO (D:\\Back\\node_modules\\nodemailer\\lib\\smtp-connection\\index.js:1371:14)\n    at SMTPConnection._processResponse (D:\\Back\\node_modules\\nodemailer\\lib\\smtp-connection\\index.js:993:20)\n    at SMTPConnection._onData (D:\\Back\\node_modules\\nodemailer\\lib\\smtp-connection\\index.js:774:14)\n    at SMTPConnection._onSocketData (D:\\Back\\node_modules\\nodemailer\\lib\\smtp-connection\\index.js:195:44)","timestamp":"2025-05-24 20:18:27"}
{"level":"error","message":"Please ensure:","service":"fleet-management","timestamp":"2025-05-24 20:18:27"}
{"level":"error","message":"1. Your .env file exists in the project root","service":"fleet-management","timestamp":"2025-05-24 20:18:27"}
{"level":"error","message":"2. GMAIL_USER and GMAIL_APP_PASSWORD are set correctly","service":"fleet-management","timestamp":"2025-05-24 20:18:27"}
{"level":"error","message":"3. You have enabled 2-Step Verification in your Google Account","service":"fleet-management","timestamp":"2025-05-24 20:18:27"}
{"level":"error","message":"4. You have generated an App Password for this application","service":"fleet-management","timestamp":"2025-05-24 20:18:27"}
{"gmailAppPasswordExists":false,"gmailUserExists":false,"level":"info","message":"Email Configuration Check:","service":"fleet-management","timestamp":"2025-05-24 20:18:42"}
{"level":"error","message":"Missing required email configuration","requiredVariables":["GMAIL_USER","GMAIL_APP_PASSWORD"],"service":"fleet-management","timestamp":"2025-05-24 20:18:42"}
{"code":"EAUTH","error":"Missing credentials for \"PLAIN\"","level":"error","message":"Email configuration error","service":"fleet-management","stack":"Error: Missing credentials for \"PLAIN\"\n    at SMTPConnection._formatError (D:\\Back\\node_modules\\nodemailer\\lib\\smtp-connection\\index.js:809:19)\n    at SMTPConnection.login (D:\\Back\\node_modules\\nodemailer\\lib\\smtp-connection\\index.js:454:38)\n    at D:\\Back\\node_modules\\nodemailer\\lib\\smtp-transport\\index.js:375:32\n    at SMTPConnection.<anonymous> (D:\\Back\\node_modules\\nodemailer\\lib\\smtp-connection\\index.js:215:17)\n    at Object.onceWrapper (node:events:633:28)\n    at SMTPConnection.emit (node:events:519:28)\n    at SMTPConnection._actionEHLO (D:\\Back\\node_modules\\nodemailer\\lib\\smtp-connection\\index.js:1371:14)\n    at SMTPConnection._processResponse (D:\\Back\\node_modules\\nodemailer\\lib\\smtp-connection\\index.js:993:20)\n    at SMTPConnection._onData (D:\\Back\\node_modules\\nodemailer\\lib\\smtp-connection\\index.js:774:14)\n    at SMTPConnection._onSocketData (D:\\Back\\node_modules\\nodemailer\\lib\\smtp-connection\\index.js:195:44)","timestamp":"2025-05-24 20:18:44"}
{"level":"error","message":"Please ensure:","service":"fleet-management","timestamp":"2025-05-24 20:18:44"}
{"level":"error","message":"1. Your .env file exists in the project root","service":"fleet-management","timestamp":"2025-05-24 20:18:44"}
{"level":"error","message":"2. GMAIL_USER and GMAIL_APP_PASSWORD are set correctly","service":"fleet-management","timestamp":"2025-05-24 20:18:44"}
{"level":"error","message":"3. You have enabled 2-Step Verification in your Google Account","service":"fleet-management","timestamp":"2025-05-24 20:18:44"}
{"level":"error","message":"4. You have generated an App Password for this application","service":"fleet-management","timestamp":"2025-05-24 20:18:44"}
{"email":"superfleet@example.com","level":"info","message":"New vendor registered","service":"fleet-management","timestamp":"2025-05-24 20:50:52","vendorId":"6831e3d4fc6029cc9cec3a46","vendorType":"SUPER"}
{"email":"cityfleet@example.com","ip":"::1","level":"error","message":"Attempted registration of non-SUPER vendor via /register endpoint","service":"fleet-management","timestamp":"2025-05-24 20:51:00","vendorType":"CITY"}
{"email":"{{vendor_email}}","level":"info","message":"New vendor registered","service":"fleet-management","timestamp":"2025-05-24 21:01:52","vendorId":"6831e668d40b2d560269fc7a","vendorType":"SUPER"}
{"email":"{{vendor_email}}","level":"info","message":"New vendor registered","service":"fleet-management","timestamp":"2025-05-24 21:17:44","vendorId":"6831ea20db7c81b585503a8e","vendorType":"SUPER"}
{"creatorVendorId":"6831ea20db7c81b585503a8e","ip":"::1","level":"error","message":"City vendor registration failed: parentVendorId does not match Super vendor ID","newVendorEmail":"cityfleet@example.com","parentVendorId":"{{super_vendor_id}}","service":"fleet-management","timestamp":"2025-05-24 21:19:46"}
{"email":"cityfleet@example.com","level":"info","message":"New vendor registered","service":"fleet-management","timestamp":"2025-05-24 21:21:30","vendorId":"6831eb02db7c81b585503a96","vendorType":"CITY"}
{"email":"superfleet@example.com","ip":"::1","level":"error","message":"Login failed: Vendor not found","service":"fleet-management","timestamp":"2025-05-24 21:22:13"}
{"email":"cityfleet@example.com","ip":"::1","level":"error","message":"Login failed: Invalid password","service":"fleet-management","timestamp":"2025-05-24 21:23:14"}
{"email":"cityfleet@example.com","ip":"::1","level":"error","message":"Login failed: Invalid password","service":"fleet-management","timestamp":"2025-05-24 21:26:08"}
{"email":"cityfleet@example.com","level":"info","message":"New vendor registered","service":"fleet-management","timestamp":"2025-05-24 21:29:06","vendorId":"6831ecc9db7c81b585503a9d","vendorType":"SUPER"}
{"email":"superfleet@example.com","ip":"::1","level":"error","message":"Login failed: Vendor not found","service":"fleet-management","timestamp":"2025-05-25 02:18:44"}
{"email":"superfleet@example.com","level":"info","message":"New vendor registered","service":"fleet-management","timestamp":"2025-05-25 02:18:57","vendorId":"683230b9db7c81b585503aa9","vendorType":"SUPER"}
{"creatorVendorId":"683230b9db7c81b585503aa9","ip":"::1","level":"error","message":"City vendor registration failed: parentVendorId does not match Super vendor ID","newVendorEmail":"cityfleet@example.com","parentVendorId":"{{super_vendor_id}}","service":"fleet-management","timestamp":"2025-05-25 02:20:52"}
{"email":"cityfleet@example.com","ip":"::1","level":"error","message":"City vendor registration failed: Email already exists","service":"fleet-management","timestamp":"2025-05-25 02:21:48"}
{"email":"cityfleet@example.com","ip":"::1","level":"error","message":"City vendor registration failed: Email already exists","service":"fleet-management","timestamp":"2025-05-25 02:26:27"}
{"allowedUpdates":["name","email","password","permissions"],"attemptedUpdates":["name","contactNumber","address"],"ip":"::1","level":"warn","message":"Invalid vendor profile update attempt:","service":"fleet-management","timestamp":"2025-05-25 02:29:17","vendorId":"683230b9db7c81b585503aa9"}
{"level":"info","message":"Vendor updated","service":"fleet-management","timestamp":"2025-05-25 02:29:39","updatedFields":["name"],"vendorId":"683230b9db7c81b585503aa9"}
{"level":"error","message":"Vendor not found","service":"fleet-management","timestamp":"2025-05-25 02:29:52"}
{"level":"error","message":"Vendor not found","service":"fleet-management","timestamp":"2025-05-25 02:35:49"}
{"level":"error","message":"Vendor not found","service":"fleet-management","timestamp":"2025-05-25 02:36:11"}
{"count":2,"level":"info","message":"All vendors retrieved","service":"fleet-management","timestamp":"2025-05-25 02:38:04"}
{"email":"super.vendor@example.com","level":"info","message":"New vendor registered","service":"fleet-management","timestamp":"2025-05-25 02:43:46","vendorId":"6832368adb7c81b585503ac4","vendorType":"SUPER"}
{"creatorVendorId":"6832368adb7c81b585503ac4","ip":"::1","level":"error","message":"City vendor registration failed: parentVendorId does not match Super vendor ID","newVendorEmail":"city.vendor@example.com","parentVendorId":"68315105ad09212321be367c","service":"fleet-management","timestamp":"2025-05-25 02:44:30"}
{"email":"city.vendor@example.com","level":"info","message":"New vendor registered","service":"fleet-management","timestamp":"2025-05-25 02:44:56","vendorId":"683236d0db7c81b585503acc","vendorType":"CITY"}
{"email":"sub.vendor@example.com","level":"info","message":"New vendor registered","service":"fleet-management","timestamp":"2025-05-25 02:46:00","vendorId":"68323710db7c81b585503ad2","vendorType":"SUB"}
{"email":"local.vendor@example.com","level":"info","message":"New vendor registered","service":"fleet-management","timestamp":"2025-05-25 02:47:15","vendorId":"6832375bdb7c81b585503ad9","vendorType":"LOCAL"}
{"level":"error","message":"Vendor not found","service":"fleet-management","timestamp":"2025-05-25 02:47:55"}
{"count":6,"level":"info","message":"All vendors retrieved","service":"fleet-management","timestamp":"2025-05-25 02:48:11"}
{"documentType":"REGISTRATION","ip":"::1","level":"error","message":"local vendor document verification failed: Document type not found","service":"fleet-management","timestamp":"2025-05-25 02:56:55","vendorId":"6832375bdb7c81b585503ad9"}
{"documentType":"REGISTRATION","ip":"::1","level":"error","message":"city vendor document verification failed: Document type not found","service":"fleet-management","timestamp":"2025-05-25 03:02:19","vendorId":"683236d0db7c81b585503acc"}
{"documentType":"REGISTRATION","ip":"::1","level":"error","message":"city vendor document verification failed: Document type not found","service":"fleet-management","timestamp":"2025-05-25 03:03:13","vendorId":"683236d0db7c81b585503acc"}
{"documentType":"registrationCertificate","ip":"::1","level":"error","message":"city vendor document verification failed: Document type not found","service":"fleet-management","timestamp":"2025-05-25 03:06:43","vendorId":"683236d0db7c81b585503acc"}
{"documentType":"registrationCertificate","ip":"::1","level":"error","message":"city vendor document verification failed: Document type not found","service":"fleet-management","timestamp":"2025-05-25 03:08:35","vendorId":"683236d0db7c81b585503acc"}
{"documentType":"registrationCertificate","ip":"::1","level":"error","message":"city vendor document verification failed: Document type not found","service":"fleet-management","timestamp":"2025-05-25 03:12:43","vendorId":"683236d0db7c81b585503acc"}
{"documentType":"registrationCertificate","ip":"::1","level":"error","message":"Verify vehicle documents failed: Vehicle not found","service":"fleet-management","timestamp":"2025-05-25 03:16:50","vehicleId":"6831bb55e2628aa98d48fe05","vendorId":"683236d0db7c81b585503acc"}
{"documentType":"registrationCertificate","ip":"::1","level":"error","message":"city vendor document verification failed: Document type not found","service":"fleet-management","timestamp":"2025-05-25 03:18:24","vendorId":"683236d0db7c81b585503acc"}
{"documentType":"registrationCertificate","ip":"::1","level":"error","message":"city vendor document verification failed: Document type not found","service":"fleet-management","timestamp":"2025-05-25 03:18:33","vendorId":"683236d0db7c81b585503acc"}
{"error":"Document validation failed: documentNumber: Path `documentNumber` is required., entityType: `Vendor` is not a valid enum value for path `entityType`., documentType: Path `documentType` is required., documentUrl: Path `documentUrl` is required., expiryDate: Path `expiryDate` is required.","ip":"::1","level":"error","message":"city vendor document upload error:","requestBody":{},"service":"fleet-management","stack":"ValidationError: Document validation failed: documentNumber: Path `documentNumber` is required., entityType: `Vendor` is not a valid enum value for path `entityType`., documentType: Path `documentType` is required., documentUrl: Path `documentUrl` is required., expiryDate: Path `expiryDate` is required.\n    at Document.invalidate (D:\\Back\\node_modules\\mongoose\\lib\\document.js:3219:32)\n    at D:\\Back\\node_modules\\mongoose\\lib\\document.js:3012:17\n    at D:\\Back\\node_modules\\mongoose\\lib\\schematype.js:1368:9\n    at process.processTicksAndRejections (node:internal/process/task_queues:77:11)","timestamp":"2025-05-25 03:32:03","vendorId":"683236d0db7c81b585503acc"}
{"level":"info","message":"Redis client connected","service":"fleet-management","timestamp":"2025-05-25 04:14:43"}
{"level":"info","message":"Redis test successful","service":"fleet-management","testValue":"Hello Redis!","timestamp":"2025-05-25 04:14:43"}
{"level":"info","message":"Server is running on port 3000","service":"fleet-management","timestamp":"2025-05-25 04:16:37"}
{"level":"info","message":"Connected to MongoDB","service":"fleet-management","timestamp":"2025-05-25 04:16:37"}
{"level":"info","message":"Redis client connected","service":"fleet-management","timestamp":"2025-05-25 04:16:37"}
{"level":"info","message":"Redis test successful","service":"fleet-management","testValue":"Hello Redis!","timestamp":"2025-05-25 04:16:37"}
{"level":"info","message":"Server is running on port 3000","service":"fleet-management","timestamp":"2025-05-25 04:18:34"}
{"level":"info","message":"Connected to MongoDB","service":"fleet-management","timestamp":"2025-05-25 04:18:34"}
{"level":"info","message":"Redis client connected","service":"fleet-management","timestamp":"2025-05-25 04:18:34"}
{"level":"info","message":"Redis test successful","service":"fleet-management","testValue":"Hello Redis!","timestamp":"2025-05-25 04:18:34"}
{"level":"info","message":"Server is running on port 3000","service":"fleet-management","timestamp":"2025-05-25 04:21:43"}
{"level":"info","message":"Connected to MongoDB","service":"fleet-management","timestamp":"2025-05-25 04:21:43"}
{"level":"info","message":"Redis client connected","service":"fleet-management","timestamp":"2025-05-25 04:21:43"}
{"level":"info","message":"Redis test successful","service":"fleet-management","testValue":"Hello Redis!","timestamp":"2025-05-25 04:21:43"}
{"level":"info","message":"Server is running on port 3000","service":"fleet-management","timestamp":"2025-05-25 04:38:40"}
{"level":"info","message":"Connected to MongoDB","service":"fleet-management","timestamp":"2025-05-25 04:38:40"}
{"level":"info","message":"Redis client connected","service":"fleet-management","timestamp":"2025-05-25 04:38:40"}
{"level":"info","message":"Redis test successful","service":"fleet-management","testValue":"Hello Redis!","timestamp":"2025-05-25 04:38:40"}
{"level":"info","message":"Server is running on port 3000","service":"fleet-management","timestamp":"2025-05-25 04:38:44"}
{"level":"info","message":"Connected to MongoDB","service":"fleet-management","timestamp":"2025-05-25 04:38:44"}
{"level":"info","message":"Redis client connected","service":"fleet-management","timestamp":"2025-05-25 04:38:44"}
{"level":"info","message":"Redis test successful","service":"fleet-management","testValue":"Hello Redis!","timestamp":"2025-05-25 04:38:44"}
